         3-----------4
1--6EEE3 "  2=====8E6#
 1 " 4EEE8EEEEEEE3# ##
 | " | 5EEEE8EE9EE8-4#
 6=6-3 " 4-3" 3#  |  #
 # | | " # "" #8==5==6
 7-7E5 " # "3-4#     |
 # "3| " 5-7E6EcEEE9E7
 # "#| " | |5E3# 1 # #
 # "#| " | 1"3E6 | # #
 4 3#| 5E7EEbE8EE7E9 #
 | |#4==5EE4# " 3-1# 6
 5E5#| 4==2|4-5 "  # #
 | |5| "   |  " "1-7 #
 1 |"2-4-2-3--4-8E3# 6
4EE4"           "  # #
|1--8EEEEE7EEE8EbEE9E9
|   "5EE5 | 2 " #    #
4=8E7"2 " 2 " 5-9EE7E9
| # "2" " | " " "3 | #
4E9E8E8E8E7E8E7=4# | #
 1---------------5-5E6
